<?xml version="1.0" encoding="utf-8"?><testsuites name="pytest tests"><testsuite name="pytest" errors="0" failures="1" skipped="1" tests="55" time="7.574" timestamp="2026-08-13T07:10:04.258267+00:00" hostname="agent-env-929ea237-8e75-48cc-9ab1-fbddf7c1d4ec"><testcase classname="tests.backend_test.TestProfilePhoto" name="test_admin_cannot_upload_photo" time="0.923" /><testcase classname="tests.backend_test.TestRoleIsolation" name="test_employee_blocked_from_employees_list" time="1.458" /><testcase classname="tests.backend_test.TestRoleIsolation" name="test_employee_blocked_from_add_employee" time="0.045" /><testcase classname="tests.backend_test.TestRoleIsolation" name="test_employee_blocked_from_vendor_create" time="0.267" /><testcase classname="tests.backend_test.TestRoleIsolation" name="test_employee_blocked_from_vendor_update" time="0.090" /><testcase classname="tests.backend_test.TestProfilePhoto" name="test_employee_upload_png_success" time="1.314" /><testcase classname="tests.backend_test.TestRoleIsolation" name="test_employee_blocked_from_vendor_delete" time="0.088" /><testcase classname="tests.backend_test.TestRoleIsolation" name="test_employee_blocked_from_employee_activity" time="0.044" /><testcase classname="tests.backend_test.TestRoleIsolation" name="test_employee_blocked_from_other_employee_collections" time="0.046" /><testcase classname="tests.backend_test.TestRoleIsolation" name="test_employee_blocked_from_other_employee_dashboard" time="0.046" /><testcase classname="tests.backend_test.TestRoleIsolation" name="test_admin_cannot_post_collection" time="0.043" /><testcase classname="tests.backend_test.TestRoleIsolation" name="test_employee_blocked_from_delete_employee" time="0.126" /><testcase classname="tests.backend_test.TestProfilePhoto" name="test_employee_upload_jpeg_success" time="0.261" /><testcase classname="tests.backend_test.TestQuickVendor" name="test_employee_quick_add_creates_vendor" time="0.052"><failure message="AssertionError: assert ''&#10; +  where '' = &lt;built-in method get of dict object at 0xfd3bc6dcae40&gt;('phone')&#10; +    where &lt;built-in method get of dict object at 0xfd3bc6dcae40&gt; = {'id': '674be297-b846-489e-8965-09a0439cbb11', 'name': 'TEST_QuickVendor_1861aad1', 'business_name': 'TEST_QuickVendor_1861aad1', 'phone': '', ...}.get">backend/tests/backend_test.py:495: in test_employee_quick_add_creates_vendor
    assert body.get("phone")  # placeholder value fine
    ^^^^^^^^^^^^^^^^^^^^^^^^
E   AssertionError: assert ''
E    +  where '' = &lt;built-in method get of dict object at 0xfd3bc6dcae40&gt;('phone')
E    +    where &lt;built-in method get of dict object at 0xfd3bc6dcae40&gt; = {'id': '674be297-b846-489e-8965-09a0439cbb11', 'name': 'TEST_QuickVendor_1861aad1', 'business_name': 'TEST_QuickVendor_1861aad1', 'phone': '', ...}.get</failure></testcase><testcase classname="tests.backend_test.TestQuickVendor" name="test_quick_add_is_idempotent_same_name" time="0.087" /><testcase classname="tests.backend_test.TestQuickVendor" name="test_quick_add_case_insensitive_idempotent" time="0.129" /><testcase classname="tests.backend_test.TestProfilePhoto" name="test_reject_unsupported_type" time="0.135" /><testcase classname="tests.backend_test.TestQuickVendor" name="test_quick_add_rejects_short_name" time="0.043" /><testcase classname="tests.backend_test.TestQuickVendor" name="test_admin_cannot_use_quick_add" time="0.045" /><testcase classname="tests.backend_test.TestProfilePhoto" name="test_reject_text_file" time="0.117" /><testcase classname="tests.backend_test.TestQuickVendor" name="test_quick_add_requires_auth" time="0.097" /><testcase classname="tests.backend_test.TestQuickVendor" name="test_employee_still_blocked_from_full_vendor_management" time="0.173" /><testcase classname="tests.backend_test.TestProfilePhoto" name="test_reject_oversized_file" time="0.312" /><testcase classname="tests.backend_test.TestQuickVendor" name="test_collection_can_be_created_with_quick_vendor" time="0.092" /><testcase classname="tests.backend_test.TestAuth" name="test_admin_login" time="0.333" /><testcase classname="tests.backend_test.TestProfilePhoto" name="test_owner_can_view_photo" time="0.271" /><testcase classname="tests.backend_test.TestProfilePhoto" name="test_admin_can_view_employee_photo" time="0.346" /><testcase classname="tests.backend_test.TestAuth" name="test_invalid_password" time="0.348" /><testcase classname="tests.backend_test.TestProfilePhoto" name="test_other_employee_cannot_view_photo" time="0.624" /><testcase classname="tests.backend_test.TestAuth" name="test_unknown_phone" time="0.266" /><testcase classname="tests.backend_test.TestAuth" name="test_me_requires_auth" time="0.311" /><testcase classname="tests.backend_test.TestAuth" name="test_me_admin" time="0.046" /><testcase classname="tests.backend_test.TestProfilePhoto" name="test_unauth_cannot_view_photo" time="0.094" /><testcase classname="tests.backend_test.TestAuth" name="test_employee_must_change_password_flag" time="0.042" /><testcase classname="tests.backend_test.TestAuth" name="test_seeded_employee_login_and_flag" time="0.324"><skipped type="pytest.skip" message="Seed employee password already changed; skipping">/app/backend/tests/backend_test.py:101: Seed employee password already changed; skipping</skipped></testcase><testcase classname="tests.backend_test.TestProfilePhoto" name="test_missing_file_404" time="0.048" /><testcase classname="tests.backend_test.TestProfilePhoto" name="test_no_storage_path_leak_in_employees_list" time="0.227" /><testcase classname="tests.backend_test.TestEmployeeFlows" name="test_profile_shows_only_own" time="0.045" /><testcase classname="tests.backend_test.TestProfilePhoto" name="test_no_storage_path_leak_in_profile" time="0.047" /><testcase classname="tests.backend_test.TestEmployeeFlows" name="test_change_password_flow" time="1.412" /><testcase classname="tests.backend_test.TestAdminFlows" name="test_admin_profile" time="0.486" /><testcase classname="tests.backend_test.TestAdminFlows" name="test_admin_lists_employees" time="0.041" /><testcase classname="tests.backend_test.TestAdminFlows" name="test_admin_employee_activity" time="0.044" /><testcase classname="tests.backend_test.TestAdminFlows" name="test_admin_dashboard" time="0.254" /><testcase classname="tests.backend_test.TestAdminFlows" name="test_duplicate_phone_rejected" time="0.083" /><testcase classname="tests.backend_test.TestAdminDeleteEmployee" name="test_admin_can_delete_created_employee_and_cascade" time="1.052" /><testcase classname="tests.backend_test.TestEmployeeFlows" name="test_collection_uses_signed_identity" time="0.409" /><testcase classname="tests.backend_test.TestEmployeeFlows" name="test_expense_endpoints_removed" time="0.361" /><testcase classname="tests.backend_test.TestAdminDeleteEmployee" name="test_admin_delete_missing_employee_404" time="0.087" /><testcase classname="tests.backend_test.TestAdminDeleteEmployee" name="test_delete_employee_requires_auth" time="0.140" /><testcase classname="tests.backend_test.TestEmployeeFlows" name="test_employee_dashboard_scoped" time="0.046" /><testcase classname="tests.backend_test" name="test_health" time="0.163" /><testcase classname="tests.backend_test.TestEmployeeFlows" name="test_employee_collections_scoped" time="0.044" /><testcase classname="tests.backend_test.TestEmployeeFlows" name="test_logout" time="0.044" /><testcase classname="tests.backend_test" name="test_no_mongo_id_leak" time="0.128" /></testsuite></testsuites>