<?xml version="1.0" encoding="utf-8"?><testsuites name="pytest tests"><testsuite name="pytest" errors="0" failures="0" skipped="1" tests="63" time="12.115" timestamp="2026-08-24T10:41:48.145638+00:00" hostname="agent-env-929ea237-8e75-48cc-9ab1-fbddf7c1d4ec"><testcase classname="tests.backend_test.TestProfilePhoto" name="test_admin_cannot_upload_photo" time="0.816" /><testcase classname="tests.backend_test.TestProfilePhoto" name="test_employee_upload_png_success" time="1.731" /><testcase classname="tests.backend_test.TestRoleIsolation" name="test_employee_blocked_from_employees_list" time="2.073" /><testcase classname="tests.backend_test.TestRoleIsolation" name="test_employee_blocked_from_add_employee" time="0.075" /><testcase classname="tests.backend_test.TestRoleIsolation" name="test_employee_blocked_from_vendor_create" time="0.076" /><testcase classname="tests.backend_test.TestRoleIsolation" name="test_employee_blocked_from_vendor_update" time="0.141" /><testcase classname="tests.backend_test.TestRoleIsolation" name="test_employee_blocked_from_vendor_delete" time="0.188" /><testcase classname="tests.backend_test.TestProfilePhoto" name="test_employee_upload_jpeg_success" time="0.406" /><testcase classname="tests.backend_test.TestRoleIsolation" name="test_employee_blocked_from_employee_activity" time="0.069" /><testcase classname="tests.backend_test.TestRoleIsolation" name="test_employee_blocked_from_other_employee_collections" time="0.079" /><testcase classname="tests.backend_test.TestRoleIsolation" name="test_employee_blocked_from_other_employee_dashboard" time="0.069" /><testcase classname="tests.backend_test.TestRoleIsolation" name="test_admin_cannot_post_collection" time="0.068" /><testcase classname="tests.backend_test.TestRoleIsolation" name="test_employee_blocked_from_delete_employee" time="0.190" /><testcase classname="tests.backend_test.TestProfilePhoto" name="test_reject_unsupported_type" time="0.113" /><testcase classname="tests.backend_test.TestQuickVendor" name="test_employee_quick_add_creates_vendor" time="0.182" /><testcase classname="tests.backend_test.TestProfilePhoto" name="test_reject_text_file" time="0.166" /><testcase classname="tests.backend_test.TestQuickVendor" name="test_quick_add_is_idempotent_same_name" time="0.132" /><testcase classname="tests.backend_test.TestProfilePhoto" name="test_reject_oversized_file" time="0.567" /><testcase classname="tests.backend_test.TestQuickVendor" name="test_quick_add_case_insensitive_idempotent" time="0.157" /><testcase classname="tests.backend_test.TestQuickVendor" name="test_quick_add_rejects_short_name" time="0.076" /><testcase classname="tests.backend_test.TestQuickVendor" name="test_admin_cannot_use_quick_add" time="0.124" /><testcase classname="tests.backend_test.TestQuickVendor" name="test_quick_add_requires_auth" time="0.152" /><testcase classname="tests.backend_test.TestProfilePhoto" name="test_owner_can_view_photo" time="0.302" /><testcase classname="tests.backend_test.TestQuickVendor" name="test_employee_still_blocked_from_full_vendor_management" time="0.314" /><testcase classname="tests.backend_test.TestProfilePhoto" name="test_admin_can_view_employee_photo" time="0.237" /><testcase classname="tests.backend_test.TestQuickVendor" name="test_collection_can_be_created_with_quick_vendor" time="0.138" /><testcase classname="tests.backend_test.TestAuth" name="test_admin_login" time="0.574" /><testcase classname="tests.backend_test.TestProfilePhoto" name="test_other_employee_cannot_view_photo" time="1.223" /><testcase classname="tests.backend_test.TestAuth" name="test_invalid_password" time="0.380" /><testcase classname="tests.backend_test.TestAuth" name="test_unknown_phone" time="0.238" /><testcase classname="tests.backend_test.TestAuth" name="test_me_requires_auth" time="0.205" /><testcase classname="tests.backend_test.TestProfilePhoto" name="test_unauth_cannot_view_photo" time="0.223" /><testcase classname="tests.backend_test.TestAuth" name="test_me_admin" time="0.061" /><testcase classname="tests.backend_test.TestAuth" name="test_employee_must_change_password_flag" time="0.067" /><testcase classname="tests.backend_test.TestProfilePhoto" name="test_missing_file_404" time="0.096" /><testcase classname="tests.backend_test.TestAuth" name="test_seeded_employee_login_and_flag" time="0.347" /><testcase classname="tests.backend_test.TestProfilePhoto" name="test_no_storage_path_leak_in_employees_list" time="0.320" /><testcase classname="tests.backend_test.TestEmployeeFlows" name="test_profile_shows_only_own" time="0.071" /><testcase classname="tests.backend_test.TestProfilePhoto" name="test_no_storage_path_leak_in_profile" time="0.105" /><testcase classname="tests.backend_test.TestEmployeeFlows" name="test_change_password_flow" time="1.640" /><testcase classname="tests.backend_test.TestAddressPersistence" name="test_vendor_create_persists_address" time="0.660" /><testcase classname="tests.backend_test.TestAddressPersistence" name="test_all_seeded_vendors_expose_address_field" time="0.286" /><testcase classname="tests.backend_test.TestAddressPersistence" name="test_vendor_address_too_short_rejected" time="0.071" /><testcase classname="tests.backend_test.TestAddressPersistence" name="test_employee_address_persists_and_appears_in_activity" time="0.948" /><testcase classname="tests.backend_test.TestEmployeeFlows" name="test_collection_uses_signed_identity" time="0.230" /><testcase classname="tests.backend_test.TestEmployeeFlows" name="test_expense_endpoints_removed" time="0.896" /><testcase classname="tests.backend_test.TestAddressPersistence" name="test_employee_address_optional" time="0.385" /><testcase classname="tests.backend_test.TestAddressPersistence" name="test_employee_address_update_persists" time="0.811" /><testcase classname="tests.backend_test.TestEmployeeFlows" name="test_employee_dashboard_scoped" time="0.255" /><testcase classname="tests.backend_test.TestEmployeeFlows" name="test_employee_collections_scoped" time="0.077" /><testcase classname="tests.backend_test.TestEmployeeFlows" name="test_logout" time="0.120" /><testcase classname="tests.backend_test.TestAdminFlows" name="test_admin_profile" time="0.069" /><testcase classname="tests.backend_test.TestAdminDeleteEmployee" name="test_admin_can_delete_created_employee_and_cascade" time="0.989" /><testcase classname="tests.backend_test.TestAdminFlows" name="test_admin_lists_employees" time="0.255" /><testcase classname="tests.backend_test.TestAdminFlows" name="test_admin_employee_activity" time="0.074" /><testcase classname="tests.backend_test.TestAdminFlows" name="test_admin_dashboard" time="0.277" /><testcase classname="tests.backend_test.TestAdminFlows" name="test_duplicate_phone_rejected" time="0.113" /><testcase classname="tests.backend_test" name="test_health" time="0.138" /><testcase classname="tests.backend_test" name="test_no_mongo_id_leak" time="0.227" /><testcase classname="tests.backend_test.TestAdminDeleteEmployee" name="test_admin_delete_missing_employee_404" time="0.069" /><testcase classname="tests.backend_test.TestAdminDeleteEmployee" name="test_delete_employee_requires_auth" time="0.153" /><testcase classname="tests.backend_test.TestAdminDeleteEmployee" name="test_delete_employee_without_photo_file_id" time="0.539" /><testcase classname="tests.backend_test.TestAdminDeleteEmployee" name="test_ananya_removed" time="0.357"><skipped type="pytest.skip" message="Ananya still present in this environment - seed.py re-adds emp-ananya user row on backend restart. Reported to main agent.">/app/backend/tests/backend_test.py:383: Ananya still present in this environment - seed.py re-adds emp-ananya user row on backend restart. Reported to main agent.</skipped></testcase></testsuite></testsuites>