<?xml version="1.0" encoding="utf-8"?><testsuites name="pytest tests"><testsuite name="pytest" errors="0" failures="1" skipped="0" tests="69" time="11.564" timestamp="2026-08-24T10:54:19.765367+00:00" hostname="agent-env-929ea237-8e75-48cc-9ab1-fbddf7c1d4ec"><testcase classname="tests.backend_test.TestProfilePhoto" name="test_admin_cannot_upload_photo" time="0.958" /><testcase classname="tests.backend_test.TestRoleIsolation" name="test_employee_blocked_from_employees_list" time="1.598" /><testcase classname="tests.backend_test.TestRoleIsolation" name="test_employee_blocked_from_add_employee" time="0.317" /><testcase classname="tests.backend_test.TestProfilePhoto" name="test_employee_upload_png_success" time="1.369" /><testcase classname="tests.backend_test.TestRoleIsolation" name="test_employee_blocked_from_vendor_create" time="0.076" /><testcase classname="tests.backend_test.TestRoleIsolation" name="test_employee_blocked_from_vendor_update" time="0.137" /><testcase classname="tests.backend_test.TestRoleIsolation" name="test_employee_blocked_from_vendor_delete" time="0.124" /><testcase classname="tests.backend_test.TestRoleIsolation" name="test_employee_blocked_from_employee_activity" time="0.070" /><testcase classname="tests.backend_test.TestRoleIsolation" name="test_employee_blocked_from_other_employee_collections" time="0.076" /><testcase classname="tests.backend_test.TestProfilePhoto" name="test_employee_upload_jpeg_success" time="0.441" /><testcase classname="tests.backend_test.TestRoleIsolation" name="test_employee_blocked_from_other_employee_dashboard" time="0.068" /><testcase classname="tests.backend_test.TestRoleIsolation" name="test_admin_cannot_post_collection" time="0.059" /><testcase classname="tests.backend_test.TestRoleIsolation" name="test_employee_blocked_from_delete_employee" time="0.169" /><testcase classname="tests.backend_test.TestQuickVendor" name="test_employee_quick_add_creates_vendor" time="0.195" /><testcase classname="tests.backend_test.TestProfilePhoto" name="test_reject_unsupported_type" time="0.118" /><testcase classname="tests.backend_test.TestProfilePhoto" name="test_reject_text_file" time="0.111" /><testcase classname="tests.backend_test.TestQuickVendor" name="test_quick_add_is_idempotent_same_name" time="0.150" /><testcase classname="tests.backend_test.TestProfilePhoto" name="test_reject_oversized_file" time="0.301" /><testcase classname="tests.backend_test.TestQuickVendor" name="test_quick_add_case_insensitive_idempotent" time="0.148" /><testcase classname="tests.backend_test.TestQuickVendor" name="test_quick_add_rejects_short_name" time="0.069" /><testcase classname="tests.backend_test.TestQuickVendor" name="test_admin_cannot_use_quick_add" time="0.055" /><testcase classname="tests.backend_test.TestProfilePhoto" name="test_owner_can_view_photo" time="0.187" /><testcase classname="tests.backend_test.TestQuickVendor" name="test_quick_add_requires_auth" time="0.138" /><testcase classname="tests.backend_test.TestQuickVendor" name="test_employee_still_blocked_from_full_vendor_management" time="0.541" /><testcase classname="tests.backend_test.TestProfilePhoto" name="test_admin_can_view_employee_photo" time="0.189" /><testcase classname="tests.backend_test.TestProfilePhoto" name="test_other_employee_cannot_view_photo" time="0.782" /><testcase classname="tests.backend_test.TestQuickVendor" name="test_collection_can_be_created_with_quick_vendor" time="0.362" /><testcase classname="tests.backend_test.TestAuth" name="test_admin_login" time="0.424" /><testcase classname="tests.backend_test.TestProfilePhoto" name="test_unauth_cannot_view_photo" time="0.282" /><testcase classname="tests.backend_test.TestProfilePhoto" name="test_missing_file_404" time="0.106" /><testcase classname="tests.backend_test.TestAuth" name="test_invalid_password" time="0.366" /><testcase classname="tests.backend_test.TestProfilePhoto" name="test_no_storage_path_leak_in_employees_list" time="0.310" /><testcase classname="tests.backend_test.TestAuth" name="test_unknown_phone" time="0.140" /><testcase classname="tests.backend_test.TestProfilePhoto" name="test_no_storage_path_leak_in_profile" time="0.069" /><testcase classname="tests.backend_test.TestEmployeeFlows" name="test_profile_shows_only_own" time="0.046" /><testcase classname="tests.backend_test.TestEmployeeFlows" name="test_change_password_flow" time="1.330" /><testcase classname="tests.backend_test.TestAuth" name="test_me_requires_auth" time="0.546" /><testcase classname="tests.backend_test.TestAuth" name="test_me_admin" time="0.058" /><testcase classname="tests.backend_test.TestAuth" name="test_employee_must_change_password_flag" time="0.328" /><testcase classname="tests.backend_test.TestAuth" name="test_seeded_employee_login_and_flag" time="0.627" /><testcase classname="tests.backend_test.TestEmployeeFlows" name="test_collection_uses_signed_identity" time="0.319" /><testcase classname="tests.backend_test.TestAddressPersistence" name="test_vendor_create_persists_address" time="0.171" /><testcase classname="tests.backend_test.TestEmployeeFlows" name="test_expense_endpoints_removed" time="0.626" /><testcase classname="tests.backend_test.TestAddressPersistence" name="test_all_seeded_vendors_expose_address_field" time="0.056" /><testcase classname="tests.backend_test.TestAddressPersistence" name="test_vendor_address_too_short_rejected" time="0.097" /><testcase classname="tests.backend_test.TestAddressPersistence" name="test_employee_address_persists_and_appears_in_activity" time="0.534" /><testcase classname="tests.backend_test.TestEmployeeFlows" name="test_employee_dashboard_scoped" time="0.068" /><testcase classname="tests.backend_test.TestEmployeeFlows" name="test_employee_collections_scoped" time="0.111" /><testcase classname="tests.backend_test.TestAddressPersistence" name="test_employee_address_optional" time="0.377" /><testcase classname="tests.backend_test.TestEmployeeFlows" name="test_logout" time="0.286" /><testcase classname="tests.test_deployment_config" name="test_dotenv_does_not_override_existing_env" time="0.001" /><testcase classname="tests.test_deployment_config" name="test_server_source_has_no_override_true" time="0.000" /><testcase classname="tests.test_deployment_config" name="test_api_root_reachable" time="0.125" /><testcase classname="tests.backend_test.TestAddressPersistence" name="test_employee_address_update_persists" time="1.169" /><testcase classname="tests.test_deployment_config" name="test_cors_preflight_allows_production_origin" time="0.080" /><testcase classname="tests.test_deployment_config" name="test_admin_login" time="0.424" /><testcase classname="tests.test_deployment_config" name="test_employee_login" time="0.545"><failure message="AssertionError: 401: {&quot;detail&quot;:&quot;Invalid phone number or password&quot;}&#10;assert 401 == 200&#10; +  where 401 = &lt;Response [401]&gt;.status_code">E   AssertionError: 401: {"detail":"Invalid phone number or password"}
    assert 401 == 200
     +  where 401 = &lt;Response [401]&gt;.status_code</failure></testcase><testcase classname="tests.backend_test.TestAdminDeleteEmployee" name="test_admin_can_delete_created_employee_and_cascade" time="1.001" /><testcase classname="tests.backend_test.TestAdminFlows" name="test_admin_profile" time="0.266" /><testcase classname="tests.backend_test.TestAdminFlows" name="test_admin_lists_employees" time="0.058" /><testcase classname="tests.backend_test.TestAdminFlows" name="test_admin_employee_activity" time="0.059" /><testcase classname="tests.backend_test.TestAdminFlows" name="test_admin_dashboard" time="0.276" /><testcase classname="tests.backend_test.TestAdminFlows" name="test_duplicate_phone_rejected" time="0.058" /><testcase classname="tests.backend_test" name="test_health" time="0.111" /><testcase classname="tests.backend_test" name="test_no_mongo_id_leak" time="0.173" /><testcase classname="tests.backend_test.TestAdminDeleteEmployee" name="test_admin_delete_missing_employee_404" time="0.069" /><testcase classname="tests.backend_test.TestAdminDeleteEmployee" name="test_delete_employee_requires_auth" time="0.151" /><testcase classname="tests.backend_test.TestAdminDeleteEmployee" name="test_delete_employee_without_photo_file_id" time="0.566" /><testcase classname="tests.backend_test.TestAdminDeleteEmployee" name="test_ananya_removed" time="0.121" /></testsuite></testsuites>