<?xml version="1.0" encoding="utf-8"?><testsuites name="pytest tests"><testsuite name="pytest" errors="0" failures="1" skipped="1" tests="57" time="8.124" timestamp="2026-08-13T09:38:57.049726+00:00" hostname="agent-env-929ea237-8e75-48cc-9ab1-fbddf7c1d4ec"><testcase classname="tests.backend_test.TestProfilePhoto" name="test_admin_cannot_upload_photo" time="0.787" /><testcase classname="tests.backend_test.TestRoleIsolation" name="test_employee_blocked_from_employees_list" time="1.320" /><testcase classname="tests.backend_test.TestRoleIsolation" name="test_employee_blocked_from_add_employee" time="0.047" /><testcase classname="tests.backend_test.TestRoleIsolation" name="test_employee_blocked_from_vendor_create" time="0.229" /><testcase classname="tests.backend_test.TestRoleIsolation" name="test_employee_blocked_from_vendor_update" time="0.088" /><testcase classname="tests.backend_test.TestProfilePhoto" name="test_employee_upload_png_success" time="1.389" /><testcase classname="tests.backend_test.TestRoleIsolation" name="test_employee_blocked_from_vendor_delete" time="0.088" /><testcase classname="tests.backend_test.TestRoleIsolation" name="test_employee_blocked_from_employee_activity" time="0.048" /><testcase classname="tests.backend_test.TestRoleIsolation" name="test_employee_blocked_from_other_employee_collections" time="0.048" /><testcase classname="tests.backend_test.TestRoleIsolation" name="test_employee_blocked_from_other_employee_dashboard" time="0.043" /><testcase classname="tests.backend_test.TestRoleIsolation" name="test_admin_cannot_post_collection" time="0.046" /><testcase classname="tests.backend_test.TestRoleIsolation" name="test_employee_blocked_from_delete_employee" time="0.085" /><testcase classname="tests.backend_test.TestQuickVendor" name="test_employee_quick_add_creates_vendor" time="0.090" /><testcase classname="tests.backend_test.TestQuickVendor" name="test_quick_add_is_idempotent_same_name" time="0.084" /><testcase classname="tests.backend_test.TestProfilePhoto" name="test_employee_upload_jpeg_success" time="0.367" /><testcase classname="tests.backend_test.TestQuickVendor" name="test_quick_add_case_insensitive_idempotent" time="0.093" /><testcase classname="tests.backend_test.TestQuickVendor" name="test_quick_add_rejects_short_name" time="0.043" /><testcase classname="tests.backend_test.TestQuickVendor" name="test_admin_cannot_use_quick_add" time="0.048" /><testcase classname="tests.backend_test.TestQuickVendor" name="test_quick_add_requires_auth" time="0.145" /><testcase classname="tests.backend_test.TestProfilePhoto" name="test_reject_unsupported_type" time="0.099" /><testcase classname="tests.backend_test.TestQuickVendor" name="test_employee_still_blocked_from_full_vendor_management" time="0.210" /><testcase classname="tests.backend_test.TestProfilePhoto" name="test_reject_text_file" time="0.145" /><testcase classname="tests.backend_test.TestQuickVendor" name="test_collection_can_be_created_with_quick_vendor" time="0.087" /><testcase classname="tests.backend_test.TestProfilePhoto" name="test_reject_oversized_file" time="0.462" /><testcase classname="tests.backend_test.TestAuth" name="test_admin_login" time="0.320" /><testcase classname="tests.backend_test.TestAuth" name="test_invalid_password" time="0.317" /><testcase classname="tests.backend_test.TestProfilePhoto" name="test_owner_can_view_photo" time="0.417" /><testcase classname="tests.backend_test.TestAuth" name="test_unknown_phone" time="0.118" /><testcase classname="tests.backend_test.TestAuth" name="test_me_requires_auth" time="0.100" /><testcase classname="tests.backend_test.TestProfilePhoto" name="test_admin_can_view_employee_photo" time="0.257" /><testcase classname="tests.backend_test.TestAuth" name="test_me_admin" time="0.042" /><testcase classname="tests.backend_test.TestAuth" name="test_employee_must_change_password_flag" time="0.042" /><testcase classname="tests.backend_test.TestAuth" name="test_seeded_employee_login_and_flag" time="0.322" /><testcase classname="tests.backend_test.TestProfilePhoto" name="test_other_employee_cannot_view_photo" time="1.392" /><testcase classname="tests.backend_test.TestEmployeeFlows" name="test_profile_shows_only_own" time="0.224" /><testcase classname="tests.backend_test.TestEmployeeFlows" name="test_change_password_flow" time="1.264" /><testcase classname="tests.backend_test.TestProfilePhoto" name="test_unauth_cannot_view_photo" time="0.288" /><testcase classname="tests.backend_test.TestProfilePhoto" name="test_missing_file_404" time="0.049" /><testcase classname="tests.backend_test.TestEmployeeFlows" name="test_collection_uses_signed_identity" time="0.137" /><testcase classname="tests.backend_test.TestProfilePhoto" name="test_no_storage_path_leak_in_employees_list" time="0.042" /><testcase classname="tests.backend_test.TestProfilePhoto" name="test_no_storage_path_leak_in_profile" time="0.052" /><testcase classname="tests.backend_test.TestEmployeeFlows" name="test_expense_endpoints_removed" time="0.381" /><testcase classname="tests.backend_test.TestAdminFlows" name="test_admin_profile" time="0.041" /><testcase classname="tests.backend_test.TestAdminFlows" name="test_admin_lists_employees" time="0.045" /><testcase classname="tests.backend_test.TestAdminFlows" name="test_admin_employee_activity" time="0.086"><failure message="assert 404 == 200&#10; +  where 404 = &lt;Response [404]&gt;.status_code">E   assert 404 == 200
     +  where 404 = &lt;Response [404]&gt;.status_code</failure></testcase><testcase classname="tests.backend_test.TestAdminFlows" name="test_admin_dashboard" time="0.044" /><testcase classname="tests.backend_test.TestAdminFlows" name="test_duplicate_phone_rejected" time="0.086" /><testcase classname="tests.backend_test.TestAdminDeleteEmployee" name="test_admin_can_delete_created_employee_and_cascade" time="0.776" /><testcase classname="tests.backend_test.TestEmployeeFlows" name="test_employee_dashboard_scoped" time="0.197" /><testcase classname="tests.backend_test.TestEmployeeFlows" name="test_employee_collections_scoped" time="0.045" /><testcase classname="tests.backend_test.TestEmployeeFlows" name="test_logout" time="0.042" /><testcase classname="tests.backend_test" name="test_health" time="0.229" /><testcase classname="tests.backend_test" name="test_no_mongo_id_leak" time="0.135" /><testcase classname="tests.backend_test.TestAdminDeleteEmployee" name="test_admin_delete_missing_employee_404" time="0.046" /><testcase classname="tests.backend_test.TestAdminDeleteEmployee" name="test_delete_employee_requires_auth" time="0.095" /><testcase classname="tests.backend_test.TestAdminDeleteEmployee" name="test_delete_employee_without_photo_file_id" time="0.453" /><testcase classname="tests.backend_test.TestAdminDeleteEmployee" name="test_ananya_removed" time="0.317"><skipped type="pytest.skip" message="Ananya still present in this environment - seed.py re-adds emp-ananya user row on backend restart. Reported to main agent.">/app/backend/tests/backend_test.py:383: Ananya still present in this environment - seed.py re-adds emp-ananya user row on backend restart. Reported to main agent.</skipped></testcase></testsuite></testsuites>