<?xml version="1.0" encoding="utf-8"?><testsuites name="pytest tests"><testsuite name="pytest" errors="0" failures="0" skipped="0" tests="13" time="1.863" timestamp="2026-07-28T09:14:07.258583+00:00" hostname="agent-env-929ea237-8e75-48cc-9ab1-fbddf7c1d4ec"><testcase classname="tests.backend_test" name="test_health" time="0.128" /><testcase classname="tests.backend_test" name="test_list_vendors" time="0.047" /><testcase classname="tests.backend_test" name="test_list_employees" time="0.044" /><testcase classname="tests.backend_test" name="test_dashboard_admin" time="0.046" /><testcase classname="tests.backend_test" name="test_dashboard_employee_scoped" time="0.129" /><testcase classname="tests.backend_test" name="test_create_collection_and_persist" time="0.088" /><testcase classname="tests.backend_test" name="test_collection_filter_by_mode" time="0.042" /><testcase classname="tests.backend_test" name="test_collection_search" time="0.046" /><testcase classname="tests.backend_test" name="test_collection_invalid_amount" time="0.042" /><testcase classname="tests.backend_test" name="test_create_expense_and_persist" time="0.095" /><testcase classname="tests.backend_test" name="test_vendor_create_update_delete" time="0.244" /><testcase classname="tests.backend_test" name="test_employee_create" time="0.043" /><testcase classname="tests.backend_test" name="test_no_mongo_id_leak" time="0.420" /></testsuite></testsuites>