<?xml version="1.0" encoding="utf-8"?><testsuites name="pytest tests"><testsuite name="pytest" errors="0" failures="0" skipped="0" tests="13" time="4.512" timestamp="2026-07-28T10:01:24.901441+00:00" hostname="agent-env-929ea237-8e75-48cc-9ab1-fbddf7c1d4ec"><testcase classname="tests.backend_test.TestProfilePhoto" name="test_admin_cannot_upload_photo" time="0.597" /><testcase classname="tests.backend_test.TestProfilePhoto" name="test_employee_upload_png_success" time="1.122" /><testcase classname="tests.backend_test.TestProfilePhoto" name="test_employee_upload_jpeg_success" time="0.498" /><testcase classname="tests.backend_test.TestProfilePhoto" name="test_reject_unsupported_type" time="0.100" /><testcase classname="tests.backend_test.TestProfilePhoto" name="test_reject_text_file" time="0.137" /><testcase classname="tests.backend_test.TestProfilePhoto" name="test_reject_oversized_file" time="0.304" /><testcase classname="tests.backend_test.TestProfilePhoto" name="test_owner_can_view_photo" time="0.170" /><testcase classname="tests.backend_test.TestProfilePhoto" name="test_admin_can_view_employee_photo" time="0.132" /><testcase classname="tests.backend_test.TestProfilePhoto" name="test_other_employee_cannot_view_photo" time="0.642" /><testcase classname="tests.backend_test.TestProfilePhoto" name="test_unauth_cannot_view_photo" time="0.099" /><testcase classname="tests.backend_test.TestProfilePhoto" name="test_missing_file_404" time="0.046" /><testcase classname="tests.backend_test.TestProfilePhoto" name="test_no_storage_path_leak_in_employees_list" time="0.051" /><testcase classname="tests.backend_test.TestProfilePhoto" name="test_no_storage_path_leak_in_profile" time="0.047" /></testsuite></testsuites>