<?xml version="1.0" encoding="utf-8"?><testsuites name="pytest tests"><testsuite name="pytest" errors="0" failures="1" skipped="0" tests="8" time="2.379" timestamp="2026-07-28T10:11:45.158926+00:00" hostname="agent-env-929ea237-8e75-48cc-9ab1-fbddf7c1d4ec"><testcase classname="tests.backend_test.TestQuickVendor" name="test_employee_quick_add_creates_vendor" time="1.204" /><testcase classname="tests.backend_test.TestQuickVendor" name="test_quick_add_is_idempotent_same_name" time="0.090" /><testcase classname="tests.backend_test.TestQuickVendor" name="test_quick_add_case_insensitive_idempotent" time="0.092" /><testcase classname="tests.backend_test.TestQuickVendor" name="test_quick_add_rejects_short_name" time="0.047" /><testcase classname="tests.backend_test.TestQuickVendor" name="test_admin_cannot_use_quick_add" time="0.061" /><testcase classname="tests.backend_test.TestQuickVendor" name="test_quick_add_requires_auth" time="0.123" /><testcase classname="tests.backend_test.TestQuickVendor" name="test_employee_still_blocked_from_full_vendor_management" time="0.048"><failure message="assert 422 == 403&#10; +  where 422 = &lt;Response [422]&gt;.status_code">backend/tests/backend_test.py:483: in test_employee_still_blocked_from_full_vendor_management
    assert r.status_code == 403
E   assert 422 == 403
E    +  where 422 = &lt;Response [422]&gt;.status_code</failure></testcase><testcase classname="tests.backend_test.TestQuickVendor" name="test_collection_can_be_created_with_quick_vendor" time="0.090" /></testsuite></testsuites>