<?xml version="1.0" encoding="utf-8"?><testsuites name="pytest tests"><testsuite name="pytest" errors="0" failures="0" skipped="0" tests="6" time="1.789" timestamp="2026-08-07T17:23:37.044920+00:00" hostname="agent-env-929ea237-8e75-48cc-9ab1-fbddf7c1d4ec"><testcase classname="tests.test_deployment_config" name="test_dotenv_does_not_override_existing_env" time="0.001" /><testcase classname="tests.test_deployment_config" name="test_server_source_has_no_override_true" time="0.000" /><testcase classname="tests.test_deployment_config" name="test_api_root_reachable" time="0.318" /><testcase classname="tests.test_deployment_config" name="test_cors_preflight_allows_production_origin" time="0.072" /><testcase classname="tests.test_deployment_config" name="test_admin_login" time="0.392" /><testcase classname="tests.test_deployment_config" name="test_employee_login" time="0.379" /></testsuite></testsuites>